<?xml version="1.0" encoding="UTF-8"?>
<!-- Generated by org.testng.reporters.JUnitXMLReporter -->
<testsuite ignored="0" hostname="Tiger" failures="0" tests="1" name="Default test" time="0.114" errors="0" timestamp="2022-10-21T22:39:55 IST">
  <testcase classname="generalUtilities.BaseClass" name="@BeforeClass launchBrowser" time="-1.666372195777E9">
    <failure type="org.testng.TestNGException" message="
Parameter &amp;apos;harisha&amp;apos; is required by BeforeClass on method launchBrowser but has not been marked @Optional or defined
in C:\Users\91995\AppData\Local\Temp\testng-eclipse--1510518858\testng-customsuite.xml">
      <![CDATA[org.testng.TestNGException: 
Parameter 'harisha' is required by BeforeClass on method launchBrowser but has not been marked @Optional or defined
in C:\Users\91995\AppData\Local\Temp\testng-eclipse--1510518858\testng-customsuite.xml
at org.testng.internal.Parameters.createParams(Parameters.java:267)
at org.testng.internal.Parameters.createParametersForMethod(Parameters.java:355)
at org.testng.internal.Parameters.createParameters(Parameters.java:684)
at org.testng.internal.Parameters.createConfigurationParameters(Parameters.java:166)
at org.testng.internal.invokers.ConfigInvoker.invokeConfigurations(ConfigInvoker.java:277)
at org.testng.internal.invokers.TestMethodWorker.invokeBeforeClassMethods(TestMethodWorker.java:180)
at org.testng.internal.invokers.TestMethodWorker.run(TestMethodWorker.java:122)
at java.base/java.util.ArrayList.forEach(ArrayList.java:1511)
at org.testng.TestRunner.privateRun(TestRunner.java:806)
at org.testng.TestRunner.run(TestRunner.java:601)
at org.testng.SuiteRunner.runTest(SuiteRunner.java:433)
at org.testng.SuiteRunner.runSequentially(SuiteRunner.java:427)
at org.testng.SuiteRunner.privateRun(SuiteRunner.java:387)
at org.testng.SuiteRunner.run(SuiteRunner.java:330)
at org.testng.SuiteRunnerWorker.runSuite(SuiteRunnerWorker.java:52)
at org.testng.SuiteRunnerWorker.run(SuiteRunnerWorker.java:95)
at org.testng.TestNG.runSuitesSequentially(TestNG.java:1256)
at org.testng.TestNG.runSuitesLocally(TestNG.java:1176)
at org.testng.TestNG.runSuites(TestNG.java:1099)
at org.testng.TestNG.run(TestNG.java:1067)
at org.testng.remote.AbstractRemoteTestNG.run(AbstractRemoteTestNG.java:115)
at org.testng.remote.RemoteTestNG.initAndRun(RemoteTestNG.java:251)
at org.testng.remote.RemoteTestNG.main(RemoteTestNG.java:77)
]]>
    </failure>
  </testcase> <!-- @BeforeClass launchBrowser -->
  <testcase classname="generalUtilities.BaseClass" name="@BeforeMethod Login" time="0.0">
    <skipped/>
  </testcase> <!-- @BeforeMethod Login -->
  <testcase classname="generalUtilities.BaseClass" name="@AfterMethod Logout" time="0.0">
    <skipped/>
  </testcase> <!-- @AfterMethod Logout -->
  <testcase classname="generalUtilities.BaseClass" name="@AfterClass CloseBrowser" time="0.0">
    <skipped/>
  </testcase> <!-- @AfterClass CloseBrowser -->
  <testcase classname="com.crm.Vtiger.testcases3.OrgNameValidateBCPOMTest" name="OrgNameValidateBCPOM" time="0.001">
    <skipped/>
  </testcase> <!-- OrgNameValidateBCPOM -->
</testsuite> <!-- Default test -->
