<?xml version="1.0" encoding="UTF-8"?>
<!-- Generated by org.testng.reporters.JUnitXMLReporter -->
<testsuite ignored="8" hostname="Tiger" failures="0" tests="2" name="Test" time="0.139" errors="0" timestamp="2022-10-21T17:14:54 IST">
  <testcase classname="generalUtilities.BaseClass" name="@BeforeClass launchBrowser" time="-1.666352694554E9">
    <failure type="org.testng.TestNGException" message="
Parameter &amp;apos;harisha&amp;apos; is required by BeforeClass on method launchBrowser but has not been marked @Optional or defined
in C:\Users\91995\git\vtigerrepo\sdet\testngsmoke.xml">
      <![CDATA[org.testng.TestNGException: 
Parameter 'harisha' is required by BeforeClass on method launchBrowser but has not been marked @Optional or defined
in C:\Users\91995\git\vtigerrepo\sdet\testngsmoke.xml
at java.base/java.util.ArrayList.forEach(ArrayList.java:1511)
... Removed 22 stack frames]]>
    </failure>
  </testcase> <!-- @BeforeClass launchBrowser -->
  <testcase classname="generalUtilities.BaseClass" name="@BeforeMethod Login" time="0.0">
    <skipped/>
  </testcase> <!-- @BeforeMethod Login -->
  <testcase classname="generalUtilities.BaseClass" name="@AfterMethod Logout" time="0.0">
    <skipped/>
  </testcase> <!-- @AfterMethod Logout -->
  <testcase classname="generalUtilities.BaseClass" name="@AfterClass CloseBrowser" time="0.0">
    <skipped/>
  </testcase> <!-- @AfterClass CloseBrowser -->
  <testcase classname="generalUtilities.BaseClass" name="@BeforeClass launchBrowser" time="-1.66635269464E9">
    <failure type="org.testng.TestNGException" message="
Parameter &amp;apos;harisha&amp;apos; is required by BeforeClass on method launchBrowser but has not been marked @Optional or defined
in C:\Users\91995\git\vtigerrepo\sdet\testngsmoke.xml">
      <![CDATA[org.testng.TestNGException: 
Parameter 'harisha' is required by BeforeClass on method launchBrowser but has not been marked @Optional or defined
in C:\Users\91995\git\vtigerrepo\sdet\testngsmoke.xml
at java.base/java.util.ArrayList.forEach(ArrayList.java:1511)
... Removed 22 stack frames]]>
    </failure>
  </testcase> <!-- @BeforeClass launchBrowser -->
  <testcase classname="generalUtilities.BaseClass" name="@BeforeMethod Login" time="0.0">
    <skipped/>
  </testcase> <!-- @BeforeMethod Login -->
  <testcase classname="generalUtilities.BaseClass" name="@AfterMethod Logout" time="0.0">
    <skipped/>
  </testcase> <!-- @AfterMethod Logout -->
  <testcase classname="generalUtilities.BaseClass" name="@AfterClass CloseBrowser" time="0.0">
    <skipped/>
  </testcase> <!-- @AfterClass CloseBrowser -->
  <testcase classname="com.crm.Vtiger.testcases3.ContactBCPOMTest" name="ContactBCPOM" time="0.0">
    <skipped/>
  </testcase> <!-- ContactBCPOM -->
  <testcase classname="com.crm.Vtiger.testcases3.OrgNameValidateBCPOMTest" name="OrgNameValidateBCPOM" time="0.001">
    <skipped/>
  </testcase> <!-- OrgNameValidateBCPOM -->
  <testcase classname="com.crm.Vtiger.testcases3.LeadsBCPOMTest" name="LeadsBCPOM" time="0.0">
    <ignored/>
  </testcase> <!-- LeadsBCPOM -->
  <testcase classname="com.crm.Vtiger.testcases3.CreataeOrganisationBCPOMTest" name="CreataeOrganisationBCPOM" time="0.0">
    <ignored/>
  </testcase> <!-- CreataeOrganisationBCPOM -->
  <testcase classname="generalUtilities.BaseClass" name="@AfterSuite enddatabase" time="0.0">
    <ignored/>
  </testcase> <!-- @AfterSuite enddatabase -->
  <testcase classname="generalUtilities.BaseClass" name="@BeforeSuite DatabaseConnection" time="0.0">
    <ignored/>
  </testcase> <!-- @BeforeSuite DatabaseConnection -->
  <testcase classname="generalUtilities.BaseClass" name="@AfterSuite enddatabase" time="0.0">
    <ignored/>
  </testcase> <!-- @AfterSuite enddatabase -->
  <testcase classname="generalUtilities.BaseClass" name="@BeforeSuite DatabaseConnection" time="0.0">
    <ignored/>
  </testcase> <!-- @BeforeSuite DatabaseConnection -->
  <testcase classname="generalUtilities.BaseClass" name="@BeforeSuite DatabaseConnection" time="0.0">
    <ignored/>
  </testcase> <!-- @BeforeSuite DatabaseConnection -->
  <testcase classname="generalUtilities.BaseClass" name="@AfterSuite enddatabase" time="0.0">
    <ignored/>
  </testcase> <!-- @AfterSuite enddatabase -->
</testsuite> <!-- Test -->
